{
  "stats": {
    "suites": 1,
    "tests": 4,
    "passes": 4,
    "pending": 0,
    "failures": 0,
    "start": "2022-12-22T04:37:58.585Z",
    "end": "2022-12-22T04:38:10.191Z",
    "duration": 11606,
    "testsRegistered": 4,
    "passPercent": 100,
    "pendingPercent": 0,
    "other": 0,
    "hasOther": false,
    "skipped": 0,
    "hasSkipped": false
  },
  "results": [
    {
      "uuid": "a8b9ba1e-d13c-49d1-afb8-e1a23d662903",
      "title": "",
      "fullFile": "cypress\\e2e\\Orange\\01-orangeHR_Login_TCs.cy.js",
      "file": "cypress\\e2e\\Orange\\01-orangeHR_Login_TCs.cy.js",
      "beforeHooks": [],
      "afterHooks": [],
      "tests": [],
      "suites": [
        {
          "uuid": "75c852d1-b17f-4528-9a1c-59269e60a1da",
          "title": "Login",
          "fullFile": "",
          "file": "",
          "beforeHooks": [],
          "afterHooks": [],
          "tests": [
            {
              "title": "Click on Login with empty fields",
              "fullTitle": "Login Click on Login with empty fields",
              "timedOut": null,
              "duration": 4055,
              "state": "passed",
              "speed": "fast",
              "pass": true,
              "fail": false,
              "pending": false,
              "context": null,
              "code": "loginPage.loginButton().click();\nloginPage.usernameRequiredText().should(\"be.visible\");\nloginPage.passwordRequiredText().should(\"be.visible\");",
              "err": {},
              "uuid": "7b2f7f72-1fa0-4844-9158-343b8ed1b6ef",
              "parentUUID": "75c852d1-b17f-4528-9a1c-59269e60a1da",
              "isHook": false,
              "skipped": false
            },
            {
              "title": "Login with invalid username and password.",
              "fullTitle": "Login Login with invalid username and password.",
              "timedOut": null,
              "duration": 2384,
              "state": "passed",
              "speed": "fast",
              "pass": true,
              "fail": false,
              "pending": false,
              "context": null,
              "code": "loginPage.userNameInput().type(fakeEmail);\nloginPage.userPassword().type(fakePassword);\nloginPage.loginButton().click();\nloginPage.invalidCredentialsText().should(\"be.visible\");",
              "err": {},
              "uuid": "8be23388-919a-4546-bf8c-05cfb504cde8",
              "parentUUID": "75c852d1-b17f-4528-9a1c-59269e60a1da",
              "isHook": false,
              "skipped": false
            },
            {
              "title": "Login with just email typed.",
              "fullTitle": "Login Login with just email typed.",
              "timedOut": null,
              "duration": 1526,
              "state": "passed",
              "speed": "fast",
              "pass": true,
              "fail": false,
              "pending": false,
              "context": null,
              "code": "loginPage.userNameInput().type(fakeEmail);\nloginPage.loginButton().click();\nloginPage.passwordRequiredText().should(\"be.visible\");",
              "err": {},
              "uuid": "0b113359-5679-443a-80cf-2ae7c54b4af6",
              "parentUUID": "75c852d1-b17f-4528-9a1c-59269e60a1da",
              "isHook": false,
              "skipped": false
            },
            {
              "title": "Login with just password typed.",
              "fullTitle": "Login Login with just password typed.",
              "timedOut": null,
              "duration": 1150,
              "state": "passed",
              "speed": "fast",
              "pass": true,
              "fail": false,
              "pending": false,
              "context": null,
              "code": "loginPage.userPassword().type(fakePassword);\nloginPage.loginButton().click();\nloginPage.usernameRequiredText().should(\"be.visible\");",
              "err": {},
              "uuid": "c762964a-2074-48bd-92cb-48bfb22c67cf",
              "parentUUID": "75c852d1-b17f-4528-9a1c-59269e60a1da",
              "isHook": false,
              "skipped": false
            }
          ],
          "suites": [],
          "passes": [
            "7b2f7f72-1fa0-4844-9158-343b8ed1b6ef",
            "8be23388-919a-4546-bf8c-05cfb504cde8",
            "0b113359-5679-443a-80cf-2ae7c54b4af6",
            "c762964a-2074-48bd-92cb-48bfb22c67cf"
          ],
          "failures": [],
          "pending": [],
          "skipped": [],
          "duration": 9115,
          "root": false,
          "rootEmpty": false,
          "_timeout": 2000
        }
      ],
      "passes": [],
      "failures": [],
      "pending": [],
      "skipped": [],
      "duration": 0,
      "root": true,
      "rootEmpty": true,
      "_timeout": 2000
    }
  ],
  "meta": {
    "mocha": {
      "version": "7.0.1"
    },
    "mochawesome": {
      "options": {
        "quiet": false,
        "reportFilename": "OrangeHRM",
        "saveHtml": false,
        "saveJson": true,
        "consoleReporter": "spec",
        "useInlineDiffs": false,
        "code": true
      },
      "version": "7.1.3"
    },
    "marge": {
      "options": {
        "reportDir": "cypress\\reports\\.jsons",
        "reportTitle": "OrangeHRM Test report for  December 22/2022   0:37:52",
        "reportPageTitle": "OrangeHRM report",
        "reportFilename": "OrangeHRM",
        "embeddedScreenshots": true,
        "charts": true,
        "inline": true,
        "overwrite": false,
        "autoOpen": false,
        "showPending": false,
        "showSkipped": true,
        "html": false,
        "json": true
      },
      "version": "6.2.0"
    }
  }
}