{
  "stats": {
    "suites": 1,
    "tests": 4,
    "passes": 4,
    "pending": 0,
    "failures": 0,
    "start": "2022-12-13T22:24:15.581Z",
    "end": "2022-12-13T22:24:27.299Z",
    "duration": 11718,
    "testsRegistered": 4,
    "passPercent": 100,
    "pendingPercent": 0,
    "other": 0,
    "hasOther": false,
    "skipped": 0,
    "hasSkipped": false
  },
  "results": [
    {
      "uuid": "98256700-0938-4a34-a5e8-8668c5c73c93",
      "title": "",
      "fullFile": "cypress\\e2e\\Orange\\01-orangeHR_Login_TCs.cy.js",
      "file": "cypress\\e2e\\Orange\\01-orangeHR_Login_TCs.cy.js",
      "beforeHooks": [],
      "afterHooks": [],
      "tests": [],
      "suites": [
        {
          "uuid": "64154620-a3db-47e0-8973-0d3e717f78d5",
          "title": "Login",
          "fullFile": "",
          "file": "",
          "beforeHooks": [],
          "afterHooks": [],
          "tests": [
            {
              "title": "Click on Login with empty fields",
              "fullTitle": "Login Click on Login with empty fields",
              "timedOut": null,
              "duration": 3298,
              "state": "passed",
              "speed": "fast",
              "pass": true,
              "fail": false,
              "pending": false,
              "context": null,
              "code": "loginPage.loginButton().click();\nloginPage.usernameRequiredText().should(\"be.visible\");\nloginPage.passwordRequiredText().should(\"be.visible\");",
              "err": {},
              "uuid": "3750aba4-9f21-42eb-9aba-34a11a3d39b8",
              "parentUUID": "64154620-a3db-47e0-8973-0d3e717f78d5",
              "isHook": false,
              "skipped": false
            },
            {
              "title": "Login with invalid username and password.",
              "fullTitle": "Login Login with invalid username and password.",
              "timedOut": null,
              "duration": 3004,
              "state": "passed",
              "speed": "fast",
              "pass": true,
              "fail": false,
              "pending": false,
              "context": null,
              "code": "loginPage.userNameInput().type(fakeEmail);\nloginPage.userPassword().type(fakePassword);\nloginPage.loginButton().click();\nloginPage.invalidCredentialsText().should(\"be.visible\");",
              "err": {},
              "uuid": "77990a69-ad57-4ba8-afc1-01f5f9c19b1c",
              "parentUUID": "64154620-a3db-47e0-8973-0d3e717f78d5",
              "isHook": false,
              "skipped": false
            },
            {
              "title": "Login with just email typed.",
              "fullTitle": "Login Login with just email typed.",
              "timedOut": null,
              "duration": 1604,
              "state": "passed",
              "speed": "fast",
              "pass": true,
              "fail": false,
              "pending": false,
              "context": null,
              "code": "loginPage.userNameInput().type(fakeEmail);\nloginPage.loginButton().click();\nloginPage.passwordRequiredText().should(\"be.visible\");",
              "err": {},
              "uuid": "9d3e90b9-fbe8-4894-af16-123a46f72b72",
              "parentUUID": "64154620-a3db-47e0-8973-0d3e717f78d5",
              "isHook": false,
              "skipped": false
            },
            {
              "title": "Login with just password typed.",
              "fullTitle": "Login Login with just password typed.",
              "timedOut": null,
              "duration": 1326,
              "state": "passed",
              "speed": "fast",
              "pass": true,
              "fail": false,
              "pending": false,
              "context": null,
              "code": "loginPage.userPassword().type(fakePassword);\nloginPage.loginButton().click();\nloginPage.usernameRequiredText().should(\"be.visible\");",
              "err": {},
              "uuid": "ddfe9060-ed1b-46ac-9ed2-1daee860e997",
              "parentUUID": "64154620-a3db-47e0-8973-0d3e717f78d5",
              "isHook": false,
              "skipped": false
            }
          ],
          "suites": [],
          "passes": [
            "3750aba4-9f21-42eb-9aba-34a11a3d39b8",
            "77990a69-ad57-4ba8-afc1-01f5f9c19b1c",
            "9d3e90b9-fbe8-4894-af16-123a46f72b72",
            "ddfe9060-ed1b-46ac-9ed2-1daee860e997"
          ],
          "failures": [],
          "pending": [],
          "skipped": [],
          "duration": 9232,
          "root": false,
          "rootEmpty": false,
          "_timeout": 2000
        }
      ],
      "passes": [],
      "failures": [],
      "pending": [],
      "skipped": [],
      "duration": 0,
      "root": true,
      "rootEmpty": true,
      "_timeout": 2000
    }
  ],
  "meta": {
    "mocha": {
      "version": "7.0.1"
    },
    "mochawesome": {
      "options": {
        "quiet": false,
        "reportFilename": "OrangeHRM",
        "saveHtml": false,
        "saveJson": true,
        "consoleReporter": "spec",
        "useInlineDiffs": false,
        "code": true
      },
      "version": "7.1.3"
    },
    "marge": {
      "options": {
        "reportDir": "cypress\\reports\\.jsons",
        "reportTitle": "OrangeHRM Test report for  December 13/2022   18:24:10",
        "reportPageTitle": "OrangeHRM report",
        "reportFilename": "OrangeHRM",
        "embeddedScreenshots": true,
        "charts": true,
        "inline": true,
        "overwrite": false,
        "autoOpen": false,
        "showPending": false,
        "showSkipped": true,
        "html": false,
        "json": true
      },
      "version": "6.2.0"
    }
  }
}