{
  "stats": {
    "suites": 1,
    "tests": 4,
    "passes": 3,
    "pending": 0,
    "failures": 1,
    "start": "2022-12-22T04:38:20.176Z",
    "end": "2022-12-22T04:38:43.333Z",
    "duration": 23157,
    "testsRegistered": 4,
    "passPercent": 75,
    "pendingPercent": 0,
    "other": 0,
    "hasOther": false,
    "skipped": 0,
    "hasSkipped": false
  },
  "results": [
    {
      "uuid": "328a01d4-d0e6-407f-b7d6-9b991a9da5c7",
      "title": "",
      "fullFile": "cypress\\e2e\\Orange\\03-orangeHR_User_Profile_TCs.cy.js",
      "file": "cypress\\e2e\\Orange\\03-orangeHR_User_Profile_TCs.cy.js",
      "beforeHooks": [],
      "afterHooks": [],
      "tests": [],
      "suites": [
        {
          "uuid": "710d817c-afd5-4c97-968b-278c3c7a7d0a",
          "title": "User profile section",
          "fullFile": "",
          "file": "",
          "beforeHooks": [],
          "afterHooks": [],
          "tests": [
            {
              "title": "Click on About section",
              "fullTitle": "User profile section Click on About section",
              "timedOut": null,
              "duration": 5792,
              "state": "passed",
              "speed": "medium",
              "pass": true,
              "fail": false,
              "pending": false,
              "context": null,
              "code": "userProfileSection.userProfileDropdown().click();\nuserProfileSection.aboutSection().click();\nuserProfileSection.validateAboutSection().should('be.visible');\nuserProfileSection.dismissAboutSection().click();",
              "err": {},
              "uuid": "3c7a350b-baf3-40d1-85eb-28632db8ecc1",
              "parentUUID": "710d817c-afd5-4c97-968b-278c3c7a7d0a",
              "isHook": false,
              "skipped": false
            },
            {
              "title": "Click on Support section",
              "fullTitle": "User profile section Click on Support section",
              "timedOut": null,
              "duration": 4213,
              "state": "passed",
              "speed": "fast",
              "pass": true,
              "fail": false,
              "pending": false,
              "context": null,
              "code": "userProfileSection.userProfileDropdown().click();\nuserProfileSection.supportSection().click();\nuserProfileSection.validateSupportSection().should('be.visible');",
              "err": {},
              "uuid": "632a6125-d4f8-46c4-a369-064eb46bff7a",
              "parentUUID": "710d817c-afd5-4c97-968b-278c3c7a7d0a",
              "isHook": false,
              "skipped": false
            },
            {
              "title": "Click on Change password section",
              "fullTitle": "User profile section Click on Change password section",
              "timedOut": null,
              "duration": 3993,
              "state": "passed",
              "speed": "fast",
              "pass": true,
              "fail": false,
              "pending": false,
              "context": null,
              "code": "userProfileSection.userProfileDropdown().click();\nuserProfileSection.changePasswordSection().click();\nuserProfileSection.validateUpdatePasswordHeader().should('be.visible');",
              "err": {},
              "uuid": "288bae90-efb0-4220-9885-69d6b429cd32",
              "parentUUID": "710d817c-afd5-4c97-968b-278c3c7a7d0a",
              "isHook": false,
              "skipped": false
            },
            {
              "title": "Close user profile section by clicking somewhere else.",
              "fullTitle": "User profile section Close user profile section by clicking somewhere else.",
              "timedOut": null,
              "duration": 790,
              "state": "failed",
              "speed": null,
              "pass": false,
              "fail": true,
              "pending": false,
              "context": null,
              "code": "userProfileSection.userProfileDropdown().click();\nloginPage.dashBoardpage().click();",
              "err": {
                "message": "TypeError: The following error originated from your application code, not from Cypress. It was caused by an unhandled promise rejection.\n\n  > Cannot read properties of undefined (reading 'response')\n\nWhen Cypress detects uncaught errors originating from your application it will automatically fail the current test.\n\nThis behavior is configurable, and you can choose to turn this off by listening to the `uncaught:exception` event.\n\nhttps://on.cypress.io/uncaught-exception-from-application\n\nBecause this error occurred during a `after each` hook we are skipping the remaining tests in the current suite: `User profile section`",
                "estack": "TypeError: The following error originated from your application code, not from Cypress. It was caused by an unhandled promise rejection.\n\n  > Cannot read properties of undefined (reading 'response')\n\nWhen Cypress detects uncaught errors originating from your application it will automatically fail the current test.\n\nThis behavior is configurable, and you can choose to turn this off by listening to the `uncaught:exception` event.\n\nhttps://on.cypress.io/uncaught-exception-from-application\n\nBecause this error occurred during a `after each` hook we are skipping the remaining tests in the current suite: `User profile section`\n    at <unknown> (https://opensource-demo.orangehrmlive.com/web/dist/js/app.js?1666596668857:1:24808)",
                "diff": null
              },
              "uuid": "998ea410-ce47-454a-8292-de0e368bba11",
              "parentUUID": "710d817c-afd5-4c97-968b-278c3c7a7d0a",
              "isHook": false,
              "skipped": false
            }
          ],
          "suites": [],
          "passes": [
            "3c7a350b-baf3-40d1-85eb-28632db8ecc1",
            "632a6125-d4f8-46c4-a369-064eb46bff7a",
            "288bae90-efb0-4220-9885-69d6b429cd32"
          ],
          "failures": [
            "998ea410-ce47-454a-8292-de0e368bba11"
          ],
          "pending": [],
          "skipped": [],
          "duration": 14788,
          "root": false,
          "rootEmpty": false,
          "_timeout": 2000
        }
      ],
      "passes": [],
      "failures": [],
      "pending": [],
      "skipped": [],
      "duration": 0,
      "root": true,
      "rootEmpty": true,
      "_timeout": 2000
    }
  ],
  "meta": {
    "mocha": {
      "version": "7.0.1"
    },
    "mochawesome": {
      "options": {
        "quiet": false,
        "reportFilename": "OrangeHRM",
        "saveHtml": false,
        "saveJson": true,
        "consoleReporter": "spec",
        "useInlineDiffs": false,
        "code": true
      },
      "version": "7.1.3"
    },
    "marge": {
      "options": {
        "reportDir": "cypress\\reports\\.jsons",
        "reportTitle": "OrangeHRM Test report for  December 22/2022   0:37:52",
        "reportPageTitle": "OrangeHRM report",
        "reportFilename": "OrangeHRM",
        "embeddedScreenshots": true,
        "charts": true,
        "inline": true,
        "overwrite": false,
        "autoOpen": false,
        "showPending": false,
        "showSkipped": true,
        "html": false,
        "json": true
      },
      "version": "6.2.0"
    }
  }
}